17:42:21.890 INFO - Selenium build info: version: '3.3.0', revision: 'b526bd5'
17:42:21.891 INFO - Launching a standalone Selenium Server
2017-03-11 17:42:21.931:INFO::main: Logging initialized @692ms to org.seleniumhq.jetty9.util.log.StdErrLog
17:42:22.096 INFO - Driver provider org.openqa.selenium.ie.InternetExplorerDriver registration is skipped:
 registration capabilities Capabilities [{ensureCleanSession=true, browserName=internet explorer, version=, platform=WINDOWS}] does not match the current platform MAC
17:42:22.097 INFO - Driver provider org.openqa.selenium.edge.EdgeDriver registration is skipped:
 registration capabilities Capabilities [{browserName=MicrosoftEdge, version=, platform=WINDOWS}] does not match the current platform MAC
17:42:22.097 INFO - Driver class not found: com.opera.core.systems.OperaDriver
17:42:22.098 INFO - Driver provider com.opera.core.systems.OperaDriver registration is skipped:
Unable to create new instances on this machine.
17:42:22.098 INFO - Driver class not found: com.opera.core.systems.OperaDriver
17:42:22.098 INFO - Driver provider com.opera.core.systems.OperaDriver is not registered
2017-03-11 17:42:22.257:INFO:osjs.Server:main: jetty-9.2.20.v20161216
2017-03-11 17:42:22.335:INFO:osjsh.ContextHandler:main: Started o.s.j.s.ServletContextHandler@598067a5{/,null,AVAILABLE}
2017-03-11 17:42:22.395:INFO:osjs.AbstractConnector:main: Started ServerConnector@10768727{HTTP/1.1,[http/1.1]}{0.0.0.0:4444}
2017-03-11 17:42:22.395:INFO:osjs.Server:main: Started @1156ms
17:42:22.395 INFO - Selenium Server is up and running
17:42:22.791 INFO - SessionCleaner initialized with insideBrowserTimeout 0 and clientGoneTimeout 1800000 polling every 180000
17:42:22.853 INFO - Executing: [new session: Capabilities [{acceptSslCerts=true, name=Google Test, browserName=chrome, javascriptEnabled=true, chromeOptions={args=[nwapp=/Users/simon/Dev/web-panel/public]}, platform=ANY}]])
17:42:22.909 INFO - Creating a new session for Capabilities [{acceptSslCerts=true, name=Google Test, browserName=chrome, javascriptEnabled=true, chromeOptions={args=[nwapp=/Users/simon/Dev/web-panel/public]}, platform=ANY}]
Starting ChromeDriver 2.27 (b8b4ed09f095a53debaa771b66b3f8636277b6a6) on port 38871
Only local connections are allowed.
17:42:26.522 INFO - Detected dialect: OSS
17:42:26.563 INFO - Done: [new session: Capabilities [{acceptSslCerts=true, name=Google Test, browserName=chrome, javascriptEnabled=true, chromeOptions={args=[nwapp=/Users/simon/Dev/web-panel/public]}, platform=ANY}]]
17:42:26.597 INFO - Executing: [get: http://www.google.com])
17:42:28.891 INFO - Done: [get: http://www.google.com]
17:42:28.914 INFO - Executing: [find elements: By.cssSelector: body])
17:42:28.994 INFO - Done: [find elements: By.cssSelector: body]
17:42:29.009 INFO - Executing: [is displayed: 0 [[ChromeDriver: chrome on MAC (52ac5f4f61a13d091d2d14d95f81b060)] -> css selector: body]])
17:42:29.092 INFO - Done: [is displayed: 0 [[ChromeDriver: chrome on MAC (52ac5f4f61a13d091d2d14d95f81b060)] -> css selector: body]]
17:42:29.103 INFO - Executing: [find element: By.cssSelector: input[type=text]])
17:42:29.163 INFO - Done: [find element: By.cssSelector: input[type=text]]
17:42:29.181 INFO - Executing: [send keys: 1 [[ChromeDriver: chrome on MAC (52ac5f4f61a13d091d2d14d95f81b060)] -> css selector: input[type=text]], [n, i, g, h, t, w, a, t, c, h]])
17:42:29.546 INFO - Done: [send keys: 1 [[ChromeDriver: chrome on MAC (52ac5f4f61a13d091d2d14d95f81b060)] -> css selector: input[type=text]], [n, i, g, h, t, w, a, t, c, h]]
17:42:29.561 INFO - Executing: [find elements: By.cssSelector: input[name=btnI]])
17:42:29.615 INFO - Done: [find elements: By.cssSelector: input[name=btnI]]
17:42:29.643 INFO - Executing: [is displayed: 2 [[ChromeDriver: chrome on MAC (52ac5f4f61a13d091d2d14d95f81b060)] -> css selector: input[name=btnI]]])
17:42:29.680 INFO - Done: [is displayed: 2 [[ChromeDriver: chrome on MAC (52ac5f4f61a13d091d2d14d95f81b060)] -> css selector: input[name=btnI]]]
17:42:29.686 INFO - Executing: [find element: By.cssSelector: input[name=btnI]])
17:42:29.733 INFO - Done: [find element: By.cssSelector: input[name=btnI]]
17:42:29.741 INFO - Executing: [click: 2 [[ChromeDriver: chrome on MAC (52ac5f4f61a13d091d2d14d95f81b060)] -> css selector: input[name=btnI]]])
17:42:31.520 WARN - Exception thrown
org.openqa.selenium.WebDriverException: unknown error: Element <input value="好手氣" aria-label="好手氣" name="btnI" type="submit" jsaction="sf.lck"> is not clickable at point (697, 412). Other element would receive the click: <div class="sbqs_c">...</div>
  (Session info: chrome=57.0.2987.98)
  (Driver info: chromedriver=2.27 (b8b4ed09f095a53debaa771b66b3f8636277b6a6),platform=Mac OS X 10.12.4 x86_64) (WARNING: The server did not provide any stacktrace information)
Command duration or timeout: 113 milliseconds
Build info: version: '3.3.0', revision: 'b526bd5', time: '2017-03-07 11:21:31 -0800'
System info: host: 'SimondeMBP-2', ip: 'fe80:0:0:0:4a9:3f50:12d8:b4d7%en0', os.name: 'Mac OS X', os.arch: 'x86_64', os.version: '10.12.4', java.version: '1.8.0_111'
Driver info: org.openqa.selenium.chrome.ChromeDriver
Capabilities [{applicationCacheEnabled=false, rotatable=false, mobileEmulationEnabled=false, networkConnectionEnabled=false, chrome={chromedriverVersion=2.27 (b8b4ed09f095a53debaa771b66b3f8636277b6a6), userDataDir=/var/folders/5x/w4476sbx1996kpvbx8nzn9gr0000gn/T/.org.chromium.Chromium.oBgkeh}, takesHeapSnapshot=true, pageLoadStrategy=normal, databaseEnabled=false, handlesAlerts=true, hasTouchScreen=false, version=57.0.2987.98, platform=MAC, browserConnectionEnabled=false, nativeEvents=true, acceptSslCerts=true, locationContextEnabled=true, webStorageEnabled=true, browserName=chrome, takesScreenshot=true, javascriptEnabled=true, cssSelectorsEnabled=true, unexpectedAlertBehaviour=}]
Session ID: 52ac5f4f61a13d091d2d14d95f81b060
	at sun.reflect.NativeConstructorAccessorImpl.newInstance0(Native Method)
	at sun.reflect.NativeConstructorAccessorImpl.newInstance(NativeConstructorAccessorImpl.java:62)
	at sun.reflect.DelegatingConstructorAccessorImpl.newInstance(DelegatingConstructorAccessorImpl.java:45)
	at java.lang.reflect.Constructor.newInstance(Constructor.java:423)
	at org.openqa.selenium.remote.ErrorHandler.createThrowable(ErrorHandler.java:216)
	at org.openqa.selenium.remote.ErrorHandler.throwIfResponseFailed(ErrorHandler.java:168)
	at org.openqa.selenium.remote.RemoteWebDriver.execute(RemoteWebDriver.java:638)
	at org.openqa.selenium.remote.RemoteWebElement.execute(RemoteWebElement.java:274)
	at org.openqa.selenium.remote.RemoteWebElement.click(RemoteWebElement.java:84)
	at sun.reflect.NativeMethodAccessorImpl.invoke0(Native Method)
	at sun.reflect.NativeMethodAccessorImpl.invoke(NativeMethodAccessorImpl.java:62)
	at sun.reflect.DelegatingMethodAccessorImpl.invoke(DelegatingMethodAccessorImpl.java:43)
	at java.lang.reflect.Method.invoke(Method.java:498)
	at org.openqa.selenium.support.events.EventFiringWebDriver$EventFiringWebElement$1.invoke(EventFiringWebDriver.java:332)
	at com.sun.proxy.$Proxy5.click(Unknown Source)
	at org.openqa.selenium.support.events.EventFiringWebDriver$EventFiringWebElement.click(EventFiringWebDriver.java:345)
	at sun.reflect.NativeMethodAccessorImpl.invoke0(Native Method)
	at sun.reflect.NativeMethodAccessorImpl.invoke(NativeMethodAccessorImpl.java:62)
	at sun.reflect.DelegatingMethodAccessorImpl.invoke(DelegatingMethodAccessorImpl.java:43)
	at java.lang.reflect.Method.invoke(Method.java:498)
	at org.openqa.selenium.remote.server.KnownElements$1.invoke(KnownElements.java:64)
	at com.sun.proxy.$Proxy6.click(Unknown Source)
	at org.openqa.selenium.remote.server.handler.ClickElement.call(ClickElement.java:30)
	at org.openqa.selenium.remote.server.handler.ClickElement.call(ClickElement.java:22)
	at java.util.concurrent.FutureTask.run(FutureTask.java:266)
	at org.openqa.selenium.remote.server.DefaultSession$1.run(DefaultSession.java:176)
	at java.util.concurrent.ThreadPoolExecutor.runWorker(ThreadPoolExecutor.java:1142)
	at java.util.concurrent.ThreadPoolExecutor$Worker.run(ThreadPoolExecutor.java:617)
	at java.lang.Thread.run(Thread.java:745)
17:42:31.524 WARN - Exception: unknown error: Element <input value="好手氣" aria-label="好手氣" name="btnI" type="submit" jsaction="sf.lck"> is not clickable at point (697, 412). Other element would receive the click: <div class="sbqs_c">...</div>
  (Session info: chrome=57.0.2987.98)
  (Driver info: chromedriver=2.27 (b8b4ed09f095a53debaa771b66b3f8636277b6a6),platform=Mac OS X 10.12.4 x86_64) (WARNING: The server did not provide any stacktrace information)
Command duration or timeout: 113 milliseconds
Build info: version: '3.3.0', revision: 'b526bd5', time: '2017-03-07 11:21:31 -0800'
System info: host: 'SimondeMBP-2', ip: 'fe80:0:0:0:4a9:3f50:12d8:b4d7%en0', os.name: 'Mac OS X', os.arch: 'x86_64', os.version: '10.12.4', java.version: '1.8.0_111'
Driver info: org.openqa.selenium.chrome.ChromeDriver
Capabilities [{applicationCacheEnabled=false, rotatable=false, mobileEmulationEnabled=false, networkConnectionEnabled=false, chrome={chromedriverVersion=2.27 (b8b4ed09f095a53debaa771b66b3f8636277b6a6), userDataDir=/var/folders/5x/w4476sbx1996kpvbx8nzn9gr0000gn/T/.org.chromium.Chromium.oBgkeh}, takesHeapSnapshot=true, pageLoadStrategy=normal, databaseEnabled=false, handlesAlerts=true, hasTouchScreen=false, version=57.0.2987.98, platform=MAC, browserConnectionEnabled=false, nativeEvents=true, acceptSslCerts=true, locationContextEnabled=true, webStorageEnabled=true, browserName=chrome, takesScreenshot=true, javascriptEnabled=true, cssSelectorsEnabled=true, unexpectedAlertBehaviour=}]
Session ID: 52ac5f4f61a13d091d2d14d95f81b060
17:42:31.634 INFO - Executing: [find element: By.cssSelector: input[name=btnK]])
17:42:31.688 INFO - Done: [find element: By.cssSelector: input[name=btnK]]
17:42:31.702 INFO - Executing: [click: 3 [[ChromeDriver: chrome on MAC (52ac5f4f61a13d091d2d14d95f81b060)] -> css selector: input[name=btnK]]])
17:42:31.869 INFO - Done: [click: 3 [[ChromeDriver: chrome on MAC (52ac5f4f61a13d091d2d14d95f81b060)] -> css selector: input[name=btnK]]]
17:42:33.884 INFO - Executing: [find element: By.cssSelector: #main])
17:42:33.921 INFO - Done: [find element: By.cssSelector: #main]
17:42:33.927 INFO - Executing: [get text: 4 [[ChromeDriver: chrome on MAC (52ac5f4f61a13d091d2d14d95f81b060)] -> css selector: #main]])
17:42:34.579 INFO - Done: [get text: 4 [[ChromeDriver: chrome on MAC (52ac5f4f61a13d091d2d14d95f81b060)] -> css selector: #main]]
17:42:34.595 INFO - Executing: [delete session: f589a0ed-50f7-4a8b-a1bf-d635bd4c4210])
17:42:34.802 INFO - Done: [delete session: f589a0ed-50f7-4a8b-a1bf-d635bd4c4210]
